<?xml version="1.0" encoding="UTF-8"?>
<!-- Generated by org.testng.reporters.JUnitXMLReporter -->
<testsuite hostname="Lenovo" ignored="0" name="Test" tests="6" failures="1" timestamp="2022-07-31T11:15:38 IST" time="0.304" errors="0">
  <testcase name="demo" time="0.029" classname="com.testng.Assert_Test2">
    <skipped/>
  </testcase> <!-- demo -->
  <testcase name="demo" time="0.007" classname="com.testng.Assert_Test2">
    <skipped/>
  </testcase> <!-- demo -->
  <testcase name="demo" time="0.011" classname="com.testng.Assert_Test2">
    <skipped/>
  </testcase> <!-- demo -->
  <testcase name="demo" time="0.003" classname="com.testng.Assert_Test2">
    <skipped/>
  </testcase> <!-- demo -->
  <testcase name="demo" time="0.007" classname="com.testng.Assert_Test2">
    <skipped/>
  </testcase> <!-- demo -->
  <testcase name="demo" time="0.011" classname="com.testng.Assert_Test2">
    <failure type="java.lang.AssertionError" message="expected [James] but found [Json]">
      <![CDATA[java.lang.AssertionError: expected [James] but found [Json]
at com.testng.Assert_Test2.demo(Assert_Test2.java:15)
at java.util.ArrayList.forEach(ArrayList.java:1259)
... Removed 33 stack frames]]>
    </failure>
  </testcase> <!-- demo -->
</testsuite> <!-- Test -->
